<?xml version="1.0" encoding="UTF-8"?>
<!-- Generated by org.testng.reporters.JUnitReportReporter -->
<testsuite skipped="0" hostname="LAPTOP-P23V86HB" name="com.qa.JBOSTest.NewUserRegistrationTest" tests="3" failures="0" timestamp="04 Apr 2022 09:11:31 GMT" time="9.425" errors="0">
  <testcase name="ValidateRegistrationSignInTextTest" time="2.339" classname="com.qa.JBOSTest.NewUserRegistrationTest"/>
  <testcase name="NewUserRegistrationTest" time="4.479" classname="com.qa.JBOSTest.NewUserRegistrationTest"/>
  <testcase name="alreadyMemberRegisteredTest" time="2.607" classname="com.qa.JBOSTest.NewUserRegistrationTest"/>
</testsuite> <!-- com.qa.JBOSTest.NewUserRegistrationTest -->
