<?xml version="1.0" encoding="UTF-8"?>
<!-- Generated by org.testng.reporters.JUnitReportReporter -->
<testsuite skipped="0" hostname="LAPTOP-P23V86HB" name="com.qa.JBOSTest.DashBoardTest" tests="3" failures="0" timestamp="10 Apr 2022 06:53:39 GMT" time="11.017" errors="0">
  <testcase name="verifyDashBoardPageTitleTest" time="3.360" classname="com.qa.JBOSTest.DashBoardTest"/>
  <testcase name="verifyCorrectUserNameTest" time="3.288" classname="com.qa.JBOSTest.DashBoardTest"/>
  <testcase name="verifyUserLinkTest" time="4.369" classname="com.qa.JBOSTest.DashBoardTest"/>
</testsuite> <!-- com.qa.JBOSTest.DashBoardTest -->
