<?xml version="1.0" encoding="UTF-8"?>
<!-- Generated by org.testng.reporters.JUnitReportReporter -->
<testsuite skipped="0" hostname="LAPTOP-P23V86HB" name="com.qa.JBOSTest.LoginPageTest" tests="4" failures="0" timestamp="06 Apr 2022 11:22:03 GMT" time="10.983" errors="0">
  <testcase name="ValidateSignInTextTest" time="2.365" classname="com.qa.JBOSTest.LoginPageTest"/>
  <testcase name="LoginPageTitleTest" time="2.261" classname="com.qa.JBOSTest.LoginPageTest"/>
  <testcase name="ValidUserTest" time="3.278" classname="com.qa.JBOSTest.LoginPageTest"/>
  <testcase name="ValidNewMemberRegistrationLink" time="3.079" classname="com.qa.JBOSTest.LoginPageTest"/>
</testsuite> <!-- com.qa.JBOSTest.LoginPageTest -->
